<?xml version="1.0" encoding="UTF-8"?>
<!-- Generated by org.testng.reporters.JUnitXMLReporter -->
<testsuite ignored="0" hostname="DESKTOP-75VEL8U" failures="0" tests="6" name="Dev_Test" time="0.076" errors="0" timestamp="2024-01-08T22:39:12 IST">
  <testcase classname="org.testNGEx2.UsersEx2" name="DeleteUser" time="0.01"/>
  <testcase classname="org.testNGEx2.UsersEx2" name="addUser" time="0.003"/>
  <testcase classname="org.testNGEx2.UsersEx2" name="updateUser" time="0.003"/>
  <testcase classname="org.testNGEx2.AccountsEx2" name="DeleteAccount" time="0.002"/>
  <testcase classname="org.testNGEx2.AccountsEx2" name="addAccount" time="0.005"/>
  <testcase classname="org.testNGEx2.AccountsEx2" name="updateAccount" time="0.002"/>
</testsuite> <!-- Dev_Test -->
