<?xml version="1.0" encoding="UTF-8"?>
<!-- Generated by org.testng.reporters.JUnitXMLReporter -->
<testsuite ignored="0" hostname="DESKTOP-75VEL8U" failures="0" tests="6" name="QA_Test" time="0.429" errors="0" timestamp="2024-01-08T22:39:11 IST">
  <testcase classname="org.testNGEx2.ReportsEx1" name="DeleteReport" time="0.016"/>
  <testcase classname="org.testNGEx2.ReportsEx1" name="addReport" time="0.01"/>
  <testcase classname="org.testNGEx2.ReportsEx1" name="updateReport" time="0.003"/>
  <testcase classname="org.testNGEx2.TasksEx1" name="DeleteTasks" time="0.008"/>
  <testcase classname="org.testNGEx2.TasksEx1" name="addTasks" time="0.094"/>
  <testcase classname="org.testNGEx2.TasksEx1" name="updateTasks" time="0.006"/>
</testsuite> <!-- QA_Test -->
