<?xml version="1.0" encoding="UTF-8"?>
<!-- Generated by org.testng.reporters.JUnitXMLReporter -->
<testsuite ignored="0" hostname="DESKTOP-75VEL8U" failures="0" tests="5" name="Smoke Test" time="14.075" errors="0" timestamp="2024-01-08T16:03:00 IST">
  <testcase classname="org.testNGEx4.ParaEx3" name="automationTesting" time="4.534"/>
  <testcase classname="org.testNGEx4.ParaEx1" name="FacebookEx" time="2.392"/>
  <testcase classname="org.testNGEx4.ParaEx1" name="googleEx" time="2.242"/>
  <testcase classname="org.testNGEx4.ParaEx2" name="demoQaEx" time="2.431"/>
  <testcase classname="org.testNGEx4.ParaEx2" name="flipkartEx" time="2.322"/>
</testsuite> <!-- Smoke Test -->
